  Jugador.cpp
  Menu.cpp
  Moderador.cpp
  RolesMatutinos.cpp
  RolesNocturnos.cpp
  Ronda.cpp
  WereWolf.cpp
C:\Users\pepem\source\repos\WereWolf\RolesMatutinos.h(12,9): error C2561: 'RolesMatutinos::dormir': la función debe devolver un valor
  (compilando archivo de origen "RolesMatutinos.cpp")
  C:\Users\pepem\source\repos\WereWolf\RolesMatutinos.h(9,10):
  vea la declaración de 'RolesMatutinos::dormir'
  
C:\Users\pepem\source\repos\WereWolf\RolesNocturnos.h(12,9): error C2561: 'RolesNocturnos::dormir': la función debe devolver un valor
  (compilando archivo de origen "RolesNocturnos.cpp")
  C:\Users\pepem\source\repos\WereWolf\RolesNocturnos.h(9,10):
  vea la declaración de 'RolesNocturnos::dormir'
  
C:\Users\pepem\source\repos\WereWolf\RolesMatutinos.h(12,9): error C2561: 'RolesMatutinos::dormir': la función debe devolver un valor
  (compilando archivo de origen "WereWolf.cpp")
  C:\Users\pepem\source\repos\WereWolf\RolesMatutinos.h(9,10):
  vea la declaración de 'RolesMatutinos::dormir'
  
C:\Users\pepem\source\repos\WereWolf\RolesNocturnos.h(12,9): error C2561: 'RolesNocturnos::dormir': la función debe devolver un valor
  (compilando archivo de origen "WereWolf.cpp")
  C:\Users\pepem\source\repos\WereWolf\RolesNocturnos.h(9,10):
  vea la declaración de 'RolesNocturnos::dormir'
  
  Generando código...
